2023-11-29 19:24:11,663 [ERROR]: An error occurred: list index out of range
Traceback (most recent call last):
  File "/home/terence/projects/corey-scraping/src/main_test.py", line 38, in main
    for batch_results in scraper.scrape_with_names():
  File "/home/terence/projects/corey-scraping/src/scraping/scraper7.py", line 107, in scrape_with_names
    result = future.result()
             ^^^^^^^^^^^^^^^
  File "/home/terence/.pyenv/versions/3.12.0/lib/python3.12/concurrent/futures/_base.py", line 449, in result
    return self.__get_result()
           ^^^^^^^^^^^^^^^^^^^
  File "/home/terence/.pyenv/versions/3.12.0/lib/python3.12/concurrent/futures/_base.py", line 401, in __get_result
    raise self._exception
  File "/home/terence/.pyenv/versions/3.12.0/lib/python3.12/concurrent/futures/thread.py", line 58, in run
    result = self.fn(*self.args, **self.kwargs)
             ^^^^^^^^^^^^^^^^^^^^^^^^^^^^^^^^^^
  File "/home/terence/projects/corey-scraping/src/scraping/scraper7.py", line 87, in scrape_single_with_increment
    result = self.scrape_single(base_url)
             ^^^^^^^^^^^^^^^^^^^^^^^^^^^^
  File "/home/terence/projects/corey-scraping/src/scraping/scraper7.py", line 56, in scrape_single
    state_el = soup.select("#state option[selected]")[1].text if len(soup.select("#state option")) > 1 else (state if state else 'NA')
               ~~~~~~~~~~~~~~~~~~~~~~~~~~~~~~~~~~~~~~^^^
IndexError: list index out of range
2023-11-29 19:58:27,450 [ERROR]: An error occurred: 'Scraper2' object has no attribute 'scrape_with_names'
Traceback (most recent call last):
  File "/home/terence/projects/corey-scraping/src/main_test.py", line 38, in main
    for batch_results in scraper.scrape_with_names():
                         ^^^^^^^^^^^^^^^^^^^^^^^^^
AttributeError: 'Scraper2' object has no attribute 'scrape_with_names'. Did you mean: 'scrape_with_refcodes'?
2023-11-29 19:58:53,689 [ERROR]: An error occurred: 'str' object has no attribute 'expires'
Traceback (most recent call last):
  File "/home/terence/projects/corey-scraping/src/main_test.py", line 37, in main
    for batch_results in scraper.scrape_with_refcodes():
  File "/home/terence/projects/corey-scraping/src/scraping/scraper2.py", line 111, in scrape_with_refcodes
    batch_results = [result for result in executor.map(scrape_single_thread,refcodes[i:i+batch_size]) if result is not None]
                    ^^^^^^^^^^^^^^^^^^^^^^^^^^^^^^^^^^^^^^^^^^^^^^^^^^^^^^^^^^^^^^^^^^^^^^^^^^^^^^^^^^^^^^^^^^^^^^^^^^^^^^^^
  File "/home/terence/.pyenv/versions/3.12.0/lib/python3.12/concurrent/futures/_base.py", line 619, in result_iterator
    yield _result_or_cancel(fs.pop())
          ^^^^^^^^^^^^^^^^^^^^^^^^^^^
  File "/home/terence/.pyenv/versions/3.12.0/lib/python3.12/concurrent/futures/_base.py", line 317, in _result_or_cancel
    return fut.result(timeout)
           ^^^^^^^^^^^^^^^^^^^
  File "/home/terence/.pyenv/versions/3.12.0/lib/python3.12/concurrent/futures/_base.py", line 449, in result
    return self.__get_result()
           ^^^^^^^^^^^^^^^^^^^
  File "/home/terence/.pyenv/versions/3.12.0/lib/python3.12/concurrent/futures/_base.py", line 401, in __get_result
    raise self._exception
  File "/home/terence/.pyenv/versions/3.12.0/lib/python3.12/concurrent/futures/thread.py", line 58, in run
    result = self.fn(*self.args, **self.kwargs)
             ^^^^^^^^^^^^^^^^^^^^^^^^^^^^^^^^^^
  File "/home/terence/projects/corey-scraping/src/scraping/scraper2.py", line 101, in scrape_single_thread
    result = self.scrape_single(self.url,data)
             ^^^^^^^^^^^^^^^^^^^^^^^^^^^^^^^^^
  File "/home/terence/projects/corey-scraping/src/scraping/scraper2.py", line 47, in scrape_single
    if cookie.expires and cookie.expires < time.time():
       ^^^^^^^^^^^^^^
AttributeError: 'str' object has no attribute 'expires'
